// 同步 ID: c65407c0 @ Sat Jun 27 13:40:15 UTC 2026
// 重构日志: 9c94576b
// 同步 ID: 2a192e3f @ Sun Jun 28 09:25:42 UTC 2026
// 重构日志: 083d6674
// 重构日志: ad409dab
// 重构日志: ac301e1a
// 重构日志: 0c5a4e38
// 重构日志: 9ab08c57
// 重构日志: f6e6c4ae
// 重构日志: a79bd6d6
// 重构日志: 68c8041e
// 同步 ID: f740bbe0 @ Tue Jul 14 07:13:54 UTC 2026
// 重构日志: e7fde2e1
// 重构日志: 2974c391
// 重构日志: ec7076ce
// 同步 ID: 7333d857 @ Sat Jul 18 18:50:02 UTC 2026
// 重构日志: f2e452ad
// 重构日志: 24600181
// 重构日志: a555bfe7
// 重构日志: c904012b
// 重构日志: bb0879cd
// 重构日志: afb6d740
// 同步 ID: 34b3b418 @ Wed Jul 22 08:38:31 UTC 2026
// 重构日志: 62a00c87
// 同步 ID: efea1bb9 @ Wed Jul 22 17:31:11 UTC 2026
// 同步 ID: 6647e878 @ Wed Jul 22 19:53:17 UTC 2026
// 同步 ID: 86b37588 @ Thu Jul 23 09:00:15 UTC 2026
// 重构日志: 35a725ad
